dc3445
*   20288cf 9th and final
|\  
| *   f0bacde 7th commit
| |\  
| * | 079abcf 3rd commit (1st deuce).
* | |   1b8604e 8th commit (2nd primo).
|\ \ \  
| |_|/  
|/| |   
| * | b90e290 6th commit (3rd master).
* | |   551fbb8 5th commit
|\ \ \  
| |/ /  
| | /   
| |/    
|/|     
| * fa2d66a 4th commit (2nd master).
* | a3a7c22 2nd commit (1st primo).
|/  
* 20b274d 1st commit (1st master).

dp1618
*   1ad4d8f Final merge
|\  
| *   df9e46e Merge branch 'master' into branch3
| |\  
| * | 0f1cc3d commit third branch
* | |   e48e978 Merge branch 'master' into branch2
|\ \ \  
| | |/  
| |/|   
| * |   691a3d4 Merge branch 'branch1'
| |\ \  
| | |/  
| | * 584490b Second commit
* | | 9620599 commit second branch
|/ /  
* | 2ab6994 Second commit master
|/  
* 3f541c5 initial commit
