dp1618
*   1ad4d8f Final merge
|\  
| *   df9e46e Merge branch 'master' into branch3
| |\  
| * | 0f1cc3d commit third branch
* | |   e48e978 Merge branch 'master' into branch2
|\ \ \  
| | |/  
| |/|   
| * |   691a3d4 Merge branch 'branch1'
| |\ \  
| | |/  
| | * 584490b Second commit
* | | 9620599 commit second branch
|/ /  
* | 2ab6994 Second commit master
|/  
* 3f541c5 initial commit

ndw245
*   569ec7c Merge branch 'branch3' into branch2
|\  
| *   5084e7f try this
| |\  
| * | b04e420 branch3 commit
* | |   d02a523 try this
|\ \ \  
| | |/  
| |/|   
| * |   0a9ddff try this
| |\ \  
| | |/  
| | * 457eecb 1st branch1 commit
* | | 112c832 branch2 commit
|/ /  
* | 2aa9718 2nd master commit
|/  
* 0a1a1ae first commit
